2025-01-22 09:02:12,294 - INFO - Инициализация логгера завершена
2025-01-22 09:02:14,471 - INFO - Инициализация логгера завершена
2025-01-22 09:02:14,471 - INFO - Инициализация логгера завершена
2025-01-22 09:02:14,474 - INFO - Загрузка демо-набора данных
2025-01-22 09:02:14,474 - INFO - Загрузка демо-набора данных
2025-01-22 09:02:14,475 - INFO - Начало загрузки демо-данных
2025-01-22 09:02:14,475 - INFO - Начало загрузки демо-данных
2025-01-22 09:02:14,962 - ERROR - Ошибка загрузки демо-данных: HTTP Error 404: Not Found
2025-01-22 09:02:14,962 - ERROR - Ошибка загрузки демо-данных: HTTP Error 404: Not Found
2025-01-22 09:02:20,921 - INFO - Инициализация логгера завершена
2025-01-22 09:02:20,921 - INFO - Инициализация логгера завершена
2025-01-22 09:02:20,921 - INFO - Инициализация логгера завершена
2025-01-22 10:49:54,816 - INFO - Инициализация логгера завершена
2025-01-22 10:50:03,039 - INFO - Инициализация логгера завершена
2025-01-22 10:50:03,043 - INFO - Загрузка демо-набора данных
2025-01-22 10:50:04,010 - ERROR - Ошибка загрузки демо-данных: HTTP Error 403: Forbidden
2025-01-22 10:50:04,011 - ERROR - Ошибка загрузки демо-данных: HTTP Error 403: Forbidden
2025-01-22 10:57:09,349 - INFO - Инициализация логгера завершена
2025-01-22 10:57:14,179 - INFO - Инициализация логгера завершена
2025-01-22 10:57:21,639 - INFO - Инициализация логгера завершена
2025-01-22 10:57:25,196 - INFO - Инициализация логгера завершена
2025-01-22 10:57:25,200 - INFO - Попытка загрузить пользовательский файл: train.csv
2025-01-22 10:57:25,238 - INFO - Успешно загружено 148060 записей из train.csv
2025-01-22 10:57:32,938 - INFO - Инициализация логгера завершена
2025-01-22 10:57:33,005 - ERROR - TimeSeriesDataFrame.from_data_frame() got an unexpected keyword argument 'target'
2025-01-22 10:58:02,384 - INFO - Инициализация логгера завершена
2025-01-22 10:58:02,392 - INFO - Попытка загрузить пользовательский файл: train.csv
2025-01-22 10:58:02,426 - INFO - Успешно загружено 148060 записей из train.csv
2025-01-22 11:08:26,651 - INFO - Инициализация логгера завершена
2025-01-22 11:08:30,828 - INFO - Инициализация логгера завершена
2025-01-22 11:08:34,119 - INFO - Инициализация логгера завершена
2025-01-22 11:08:34,123 - INFO - Попытка загрузить пользовательский файл: train.csv
2025-01-22 11:08:34,160 - INFO - Успешно загружено 148060 записей из train.csv
2025-01-22 11:08:40,455 - INFO - Инициализация логгера завершена
2025-01-22 11:08:40,565 - INFO - Инициализация логгера завершена
2025-01-22 11:08:40,570 - INFO - Попытка загрузить пользовательский файл: train.csv
2025-01-22 11:08:40,605 - INFO - Успешно загружено 148060 записей из train.csv
2025-01-22 11:08:41,981 - INFO - Инициализация логгера завершена
2025-01-22 11:08:42,070 - INFO - Инициализация TimeSeriesPredictor...
2025-01-22 11:08:42,072 - INFO - Начало fit() с time_limit=60, presets=medium_quality, eval_metric=MASE
2025-01-22 11:09:15,902 - INFO - PyTorch version 2.5.1 available.
2025-01-22 11:09:34,675 - INFO - Обучение модели завершено.
2025-01-22 11:09:45,275 - INFO - Инициализация логгера завершена
2025-01-22 11:09:45,351 - INFO - Вызов predictor.predict()...
2025-01-22 11:09:49,187 - INFO - Прогнозирование завершено.
2025-01-22 11:09:49,201 - ERROR - Value of 'x' is not the name of a column in 'data_frame'. Expected one of ['mean', '0.1', '0.2', '0.3', '0.4', '0.5', '0.6', '0.7', '0.8', '0.9'] but received: timestamp
2025-01-22 11:10:59,603 - INFO - Инициализация логгера завершена
2025-01-22 11:11:16,869 - INFO - Инициализация логгера завершена
2025-01-22 11:28:23,743 - INFO - Инициализация логгера завершена
2025-01-22 11:28:29,176 - INFO - Инициализация логгера завершена
2025-01-22 11:29:10,659 - INFO - Инициализация логгера завершена
2025-01-22 11:29:15,127 - INFO - Инициализация логгера завершена
2025-01-22 11:29:21,905 - INFO - Инициализация логгера завершена
2025-01-22 11:29:21,913 - INFO - Попытка загрузить пользовательский файл: train.csv
2025-01-22 11:29:21,950 - INFO - Успешно загружено 148060 записей из train.csv
2025-01-22 11:29:42,553 - INFO - Инициализация логгера завершена
2025-01-22 11:29:42,761 - INFO - Инициализация логгера завершена
2025-01-22 11:29:42,839 - INFO - Инициализация TimeSeriesPredictor...
2025-01-22 11:29:42,841 - INFO - Начало fit() с time_limit=60, presets=medium_quality, eval_metric=MASE
2025-01-22 11:30:27,358 - INFO - Обучение модели завершено.
2025-01-22 11:32:18,837 - INFO - Инициализация логгера завершена
2025-01-22 11:32:19,037 - INFO - Инициализация логгера завершена
2025-01-22 11:33:02,256 - INFO - Инициализация логгера завершена
2025-01-22 11:33:07,837 - INFO - Инициализация логгера завершена
2025-01-22 11:33:07,843 - INFO - Попытка загрузки модели...
2025-01-22 11:33:07,844 - ERROR - Модель для загрузки не найдена
2025-01-22 11:33:07,844 - ERROR - Модель не найдена. Сначала обучите и сохраните модель.
2025-01-22 11:33:11,143 - INFO - Инициализация логгера завершена
2025-01-22 11:33:11,150 - INFO - Старт сохранения модели...
2025-01-22 11:33:11,151 - ERROR - TimeSeriesPredictor.save() takes 1 positional argument but 2 were given
2025-01-22 11:33:14,219 - INFO - Инициализация логгера завершена
2025-01-22 11:33:14,225 - INFO - Попытка загрузки модели...
2025-01-22 11:33:14,226 - ERROR - No such file 'C:\my_time_series_app\saved_model\predictor.pkl'
2025-01-22 11:34:04,006 - INFO - Инициализация логгера завершена
2025-01-23 01:09:35,259 - INFO - Инициализация логгера завершена
2025-01-23 01:55:34,073 - INFO - Инициализация логгера завершена
2025-01-23 01:58:37,505 - INFO - Инициализация логгера завершена
2025-01-23 01:58:39,674 - INFO - Инициализация логгера завершена
2025-01-23 01:59:13,292 - INFO - Инициализация логгера завершена
2025-01-23 01:59:32,695 - INFO - Инициализация логгера завершена
2025-01-23 01:59:39,113 - INFO - Инициализация логгера завершена
2025-01-23 02:00:29,854 - INFO - Инициализация логгера завершена
2025-01-23 02:00:34,132 - INFO - Инициализация логгера завершена
2025-01-23 02:00:34,241 - INFO - Инициализация логгера завершена
2025-01-23 02:00:34,319 - INFO - Инициализация TimeSeriesPredictor...
2025-01-23 02:00:34,321 - INFO - Начало fit() с time_limit=60, presets=medium_quality, eval_metric=MASE, hyperparameters={'NaiveModel': {}, 'SeasonalNaiveModel': {}}
2025-01-23 02:00:38,845 - INFO - Обучение модели завершено.
2025-01-23 02:00:58,061 - INFO - Инициализация логгера завершена
2025-01-23 02:00:58,153 - INFO - Вызов predictor.predict()...
2025-01-23 02:00:58,488 - INFO - Прогнозирование завершено.
2025-01-23 02:01:31,954 - INFO - Инициализация логгера завершена
2025-01-23 02:01:39,103 - INFO - Инициализация логгера завершена
2025-01-23 02:01:39,178 - INFO - Вызов predictor.predict()...
2025-01-23 02:01:39,214 - INFO - Прогнозирование завершено.
2025-01-23 02:13:17,381 - INFO - Инициализация логгера завершена
2025-01-23 02:14:47,374 - INFO - Инициализация логгера завершена
2025-01-23 02:23:30,587 - INFO - Инициализация логгера завершена
2025-01-23 02:23:51,478 - INFO - Инициализация логгера завершена
2025-01-23 02:39:31,835 - INFO - Инициализация логгера завершена
2025-01-23 02:39:42,993 - INFO - Инициализация логгера завершена
2025-01-23 02:44:19,341 - INFO - Инициализация логгера завершена
2025-01-23 03:10:55,308 - INFO - Инициализация логгера завершена
2025-01-23 03:11:16,949 - INFO - Инициализация логгера завершена
2025-01-23 03:11:23,809 - INFO - Инициализация логгера завершена
2025-01-23 03:22:40,757 - INFO - Инициализация логгера завершена
2025-01-23 10:59:37,433 - ERROR - incompatible index of inserted column with frame index
2025-01-23 11:19:04,250 - ERROR - incompatible index of inserted column with frame index
2025-01-23 11:19:29,199 - ERROR - incompatible index of inserted column with frame index
